<?xml version="1.0" encoding="UTF-8"?>
<!-- Generated by org.testng.reporters.JUnitReportReporter -->
<testsuite skipped="0" hostname="197nodnb26562" name="qumu.RunnerTest" tests="3" failures="0" timestamp="2021-01-25T15:37:26 IST" time="17.653" errors="0">
  <testcase name="feature" time="12.815" classname="qumu.RunnerTest"/>
  <testcase name="feature" time="3.667" classname="qumu.RunnerTest"/>
  <testcase name="feature" time="1.171" classname="qumu.RunnerTest"/>
</testsuite> <!-- qumu.RunnerTest -->
