<?xml version="1.0" encoding="UTF-8"?>
<!-- Generated by org.testng.reporters.JUnitReportReporter -->
<testsuite skipped="0" hostname="197nodnb26562" name="qumu.RunnerTest" tests="1" failures="0" timestamp="2021-01-25T10:41:45 IST" time="2.652" errors="0">
  <testcase name="feature" time="2.652" classname="qumu.RunnerTest"/>
</testsuite> <!-- qumu.RunnerTest -->
